<?xml version="1.0" encoding="utf-8"?>
<TestRun id="824b7344-f50a-45fa-8551-e475dab4dea2" name="@runnervmw9dnm 2025-11-13 10:27:13" xmlns="http://microsoft.com/schemas/VisualStudio/TeamTest/2010">
  <Times creation="2025-11-13T10:27:13.7720501+00:00" queuing="2025-11-13T10:27:13.7720502+00:00" start="2025-11-13T10:26:50.2566207+00:00" finish="2025-11-13T10:27:24.6436823+00:00" />
  <TestSettings name="default" id="cf72756b-6c33-4ebd-80f9-f7d7dd80312f">
    <Deployment runDeploymentRoot="_runnervmw9dnm_2025-11-13_10_27_13" />
  </TestSettings>
  <Results>
    <UnitTestResult executionId="b0bc9b2a-b795-4eb3-92b6-c676e13ba589" testId="dfcf81cd-d5c5-7901-682e-8475793d09a5" testName="ApiReadyEndpointReturnsOkWhenDependenciesAreHealthy" computerName="runnervmw9dnm" duration="00:00:21.3322080" startTime="2025-11-13T10:26:51.4437884+00:00" endTime="2025-11-13T10:27:12.7759968+00:00" testType="13cdc9d9-ddb5-4fa4-a97d-d965ccfc6d4b" outcome="Failed" testListId="8c84fa94-04c1-424b-9868-57a2d4851a1d" relativeResultsDirectory="b0bc9b2a-b795-4eb3-92b6-c676e13ba589">
      <Output>
        <ErrorInfo>
          <Message>OneTimeSetUp: SetUp : Polly.Timeout.TimeoutRejectedException : The operation didn't complete within the allowed timeout of '00:00:20'.
  ----&gt; System.Threading.Tasks.TaskCanceledException : A task was canceled.</Message>
          <StackTrace>--SetUp
   at Polly.Utils.ExceptionUtilities.TrySetStackTrace[T](T exception)
   at Polly.Timeout.TimeoutResilienceStrategy.ExecuteCore[TResult,TState](Func`3 callback, ResilienceContext context, TState state)
   at System.Runtime.CompilerServices.AsyncTaskMethodBuilder`1.AsyncStateMachineBox`1.ExecutionContextCallback(Object s)
   at System.Threading.ExecutionContext.RunInternal(ExecutionContext executionContext, ContextCallback callback, Object state)
   at System.Runtime.CompilerServices.AsyncTaskMethodBuilder`1.AsyncStateMachineBox`1.MoveNext(Thread threadPoolThread)
   at System.Runtime.CompilerServices.AsyncTaskMethodBuilder`1.AsyncStateMachineBox`1.MoveNext()
   at System.Threading.Tasks.AwaitTaskContinuation.RunOrScheduleAction(IAsyncStateMachineBox box, Boolean allowInlining)
   at System.Threading.Tasks.Task.RunContinuations(Object continuationObject)
   at System.Runtime.CompilerServices.AsyncValueTaskMethodBuilder`1.SetResult(TResult result)
   at Polly.Utils.Pipeline.BridgeComponent`1.&lt;ExecuteCore&gt;g__ConvertValueTaskAsync|4_0[TResult,TState](ValueTask`1 valueTask, ResilienceContext resilienceContext)
   at System.Runtime.CompilerServices.AsyncTaskMethodBuilder`1.AsyncStateMachineBox`1.ExecutionContextCallback(Object s)
   at System.Threading.ExecutionContext.RunInternal(ExecutionContext executionContext, ContextCallback callback, Object state)
   at System.Runtime.CompilerServices.AsyncTaskMethodBuilder`1.AsyncStateMachineBox`1.MoveNext(Thread threadPoolThread)
   at System.Runtime.CompilerServices.AsyncTaskMethodBuilder`1.AsyncStateMachineBox`1.MoveNext()
   at System.Threading.Tasks.AwaitTaskContinuation.RunOrScheduleAction(IAsyncStateMachineBox box, Boolean allowInlining)
   at System.Threading.Tasks.Task.RunContinuations(Object continuationObject)
   at System.Runtime.CompilerServices.AsyncValueTaskMethodBuilder`1.SetResult(TResult result)
   at Polly.Retry.RetryResilienceStrategy`1.ExecuteCore[TState](Func`3 callback, ResilienceContext context, TState state)
   at System.Runtime.CompilerServices.AsyncTaskMethodBuilder`1.AsyncStateMachineBox`1.ExecutionContextCallback(Object s)
   at System.Threading.ExecutionContext.RunFromThreadPoolDispatchLoop(Thread threadPoolThread, ExecutionContext executionContext, ContextCallback callback, Object state)
   at System.Runtime.CompilerServices.AsyncTaskMethodBuilder`1.AsyncStateMachineBox`1.MoveNext(Thread threadPoolThread)
   at System.Runtime.CompilerServices.AsyncTaskMethodBuilder`1.AsyncStateMachineBox`1.ExecuteFromThreadPool(Thread threadPoolThread)
   at System.Threading.ThreadPoolWorkQueue.Dispatch()
   at System.Threading.PortableThreadPool.WorkerThread.WorkerThreadStart()
--- End of stack trace from previous location ---
   at Polly.Outcome`1.GetResultOrRethrow()
   at Polly.ResiliencePipeline.ExecuteAsync[TResult](Func`2 callback, CancellationToken cancellationToken)
   at Aspire.Hosting.Dcp.KubernetesService.ExecuteWithRetry[TResult](DcpApiOperationType operationType, String resourceType, Func`2 operation, Func`2 isRetryable, CancellationToken cancellationToken) in /_/src/Aspire.Hosting/Dcp/KubernetesService.cs:line 475
   at Aspire.Hosting.Dcp.DcpExecutor.CreateResourcesAsync[RT](CancellationToken cancellationToken) in /_/src/Aspire.Hosting/Dcp/DcpExecutor.cs:line 1713
   at Aspire.Hosting.Dcp.DcpExecutor.CreateServicesAsync(CancellationToken cancellationToken) in /_/src/Aspire.Hosting/Dcp/DcpExecutor.cs:line 726
   at Aspire.Hosting.Dcp.DcpExecutor.RunApplicationAsync(CancellationToken cancellationToken) in /_/src/Aspire.Hosting/Dcp/DcpExecutor.cs:line 152
   at Aspire.Hosting.Orchestrator.ApplicationOrchestrator.RunApplicationAsync(CancellationToken cancellationToken) in /_/src/Aspire.Hosting/Orchestrator/ApplicationOrchestrator.cs:line 359
   at Aspire.Hosting.Orchestrator.OrchestratorHostService.StartAsync(CancellationToken cancellationToken) in /_/src/Aspire.Hosting/Orchestrator/OrchestratorHostService.cs:line 41
   at Microsoft.Extensions.Hosting.Internal.Host.&lt;StartAsync&gt;b__14_1(IHostedService service, CancellationToken token)
   at Microsoft.Extensions.Hosting.Internal.Host.ForeachService[T](IEnumerable`1 services, CancellationToken token, Boolean concurrent, Boolean abortOnFirstException, List`1 exceptions, Func`3 operation)
   at Microsoft.Extensions.Hosting.Internal.Host.StartAsync(CancellationToken cancellationToken)
   at Aspire.Hosting.Testing.DistributedApplicationFactory.ObservedHost.StartAsync(CancellationToken cancellationToken) in /_/src/Aspire.Hosting.Testing/DistributedApplicationFactory.cs:line 616
   at Aspire.Hosting.Testing.DistributedApplicationFactory.StartAsync(CancellationToken cancellationToken) in /_/src/Aspire.Hosting.Testing/DistributedApplicationFactory.cs:line 74
   at Aspire.Hosting.Testing.DistributedApplicationTestingBuilder.SuspendingDistributedApplicationFactory.DelegatedHost.StartAsync(CancellationToken cancellationToken) in /_/src/Aspire.Hosting.Testing/DistributedApplicationTestingBuilder.cs:line 304
   at Aspire.Hosting.Testing.DistributedApplicationTestingBuilder.SuspendingDistributedApplicationFactory.DelegatedDistributedApplication.StartAsync(CancellationToken cancellationToken) in /_/src/Aspire.Hosting.Testing/DistributedApplicationTestingBuilder.cs:line 279
   at Zeitung.AppHost.Tests.HealthCheckTests.OneTimeSetUpAsync() in /home/runner/work/zeitung/zeitung/src/backend/Zeitung.AppHost.Tests/HealthCheckTests.cs:line 44
   at NUnit.Framework.Internal.TaskAwaitAdapter.GenericAdapter`1.BlockUntilCompleted()
   at NUnit.Framework.Internal.MessagePumpStrategy.NoMessagePumpStrategy.WaitForCompletion(AwaitAdapter awaiter)
   at NUnit.Framework.Internal.AsyncToSyncAdapter.Await[TResult](TestExecutionContext context, Func`1 invoke)
   at NUnit.Framework.Internal.AsyncToSyncAdapter.Await(TestExecutionContext context, Func`1 invoke)
   at NUnit.Framework.Internal.Commands.SetUpTearDownItem.RunSetUpOrTearDownMethod(TestExecutionContext context, IMethodInfo method)
   at NUnit.Framework.Internal.Commands.SetUpTearDownItem.RunSetUp(TestExecutionContext context)
--TaskCanceledException
   at Polly.Retry.RetryResilienceStrategy`1.ExecuteCore[TState](Func`3 callback, ResilienceContext context, TState state)
</StackTrace>
        </ErrorInfo>
      </Output>
    </UnitTestResult>
    <UnitTestResult executionId="a3cd81ab-ae4a-4725-ae22-583af209b9b4" testId="22862163-11a4-d67f-eb07-77495d678de0" testName="ApiHealthCheckEndpointReturnsOk" computerName="runnervmw9dnm" duration="00:00:21.3321809" startTime="2025-11-13T10:26:51.4437884+00:00" endTime="2025-11-13T10:27:12.7759698+00:00" testType="13cdc9d9-ddb5-4fa4-a97d-d965ccfc6d4b" outcome="Failed" testListId="8c84fa94-04c1-424b-9868-57a2d4851a1d" relativeResultsDirectory="a3cd81ab-ae4a-4725-ae22-583af209b9b4">
      <Output>
        <ErrorInfo>
          <Message>OneTimeSetUp: SetUp : Polly.Timeout.TimeoutRejectedException : The operation didn't complete within the allowed timeout of '00:00:20'.
  ----&gt; System.Threading.Tasks.TaskCanceledException : A task was canceled.</Message>
          <StackTrace>--SetUp
   at Polly.Utils.ExceptionUtilities.TrySetStackTrace[T](T exception)
   at Polly.Timeout.TimeoutResilienceStrategy.ExecuteCore[TResult,TState](Func`3 callback, ResilienceContext context, TState state)
   at System.Runtime.CompilerServices.AsyncTaskMethodBuilder`1.AsyncStateMachineBox`1.ExecutionContextCallback(Object s)
   at System.Threading.ExecutionContext.RunInternal(ExecutionContext executionContext, ContextCallback callback, Object state)
   at System.Runtime.CompilerServices.AsyncTaskMethodBuilder`1.AsyncStateMachineBox`1.MoveNext(Thread threadPoolThread)
   at System.Runtime.CompilerServices.AsyncTaskMethodBuilder`1.AsyncStateMachineBox`1.MoveNext()
   at System.Threading.Tasks.AwaitTaskContinuation.RunOrScheduleAction(IAsyncStateMachineBox box, Boolean allowInlining)
   at System.Threading.Tasks.Task.RunContinuations(Object continuationObject)
   at System.Runtime.CompilerServices.AsyncValueTaskMethodBuilder`1.SetResult(TResult result)
   at Polly.Utils.Pipeline.BridgeComponent`1.&lt;ExecuteCore&gt;g__ConvertValueTaskAsync|4_0[TResult,TState](ValueTask`1 valueTask, ResilienceContext resilienceContext)
   at System.Runtime.CompilerServices.AsyncTaskMethodBuilder`1.AsyncStateMachineBox`1.ExecutionContextCallback(Object s)
   at System.Threading.ExecutionContext.RunInternal(ExecutionContext executionContext, ContextCallback callback, Object state)
   at System.Runtime.CompilerServices.AsyncTaskMethodBuilder`1.AsyncStateMachineBox`1.MoveNext(Thread threadPoolThread)
   at System.Runtime.CompilerServices.AsyncTaskMethodBuilder`1.AsyncStateMachineBox`1.MoveNext()
   at System.Threading.Tasks.AwaitTaskContinuation.RunOrScheduleAction(IAsyncStateMachineBox box, Boolean allowInlining)
   at System.Threading.Tasks.Task.RunContinuations(Object continuationObject)
   at System.Runtime.CompilerServices.AsyncValueTaskMethodBuilder`1.SetResult(TResult result)
   at Polly.Retry.RetryResilienceStrategy`1.ExecuteCore[TState](Func`3 callback, ResilienceContext context, TState state)
   at System.Runtime.CompilerServices.AsyncTaskMethodBuilder`1.AsyncStateMachineBox`1.ExecutionContextCallback(Object s)
   at System.Threading.ExecutionContext.RunFromThreadPoolDispatchLoop(Thread threadPoolThread, ExecutionContext executionContext, ContextCallback callback, Object state)
   at System.Runtime.CompilerServices.AsyncTaskMethodBuilder`1.AsyncStateMachineBox`1.MoveNext(Thread threadPoolThread)
   at System.Runtime.CompilerServices.AsyncTaskMethodBuilder`1.AsyncStateMachineBox`1.ExecuteFromThreadPool(Thread threadPoolThread)
   at System.Threading.ThreadPoolWorkQueue.Dispatch()
   at System.Threading.PortableThreadPool.WorkerThread.WorkerThreadStart()
--- End of stack trace from previous location ---
   at Polly.Outcome`1.GetResultOrRethrow()
   at Polly.ResiliencePipeline.ExecuteAsync[TResult](Func`2 callback, CancellationToken cancellationToken)
   at Aspire.Hosting.Dcp.KubernetesService.ExecuteWithRetry[TResult](DcpApiOperationType operationType, String resourceType, Func`2 operation, Func`2 isRetryable, CancellationToken cancellationToken) in /_/src/Aspire.Hosting/Dcp/KubernetesService.cs:line 475
   at Aspire.Hosting.Dcp.DcpExecutor.CreateResourcesAsync[RT](CancellationToken cancellationToken) in /_/src/Aspire.Hosting/Dcp/DcpExecutor.cs:line 1713
   at Aspire.Hosting.Dcp.DcpExecutor.CreateServicesAsync(CancellationToken cancellationToken) in /_/src/Aspire.Hosting/Dcp/DcpExecutor.cs:line 726
   at Aspire.Hosting.Dcp.DcpExecutor.RunApplicationAsync(CancellationToken cancellationToken) in /_/src/Aspire.Hosting/Dcp/DcpExecutor.cs:line 152
   at Aspire.Hosting.Orchestrator.ApplicationOrchestrator.RunApplicationAsync(CancellationToken cancellationToken) in /_/src/Aspire.Hosting/Orchestrator/ApplicationOrchestrator.cs:line 359
   at Aspire.Hosting.Orchestrator.OrchestratorHostService.StartAsync(CancellationToken cancellationToken) in /_/src/Aspire.Hosting/Orchestrator/OrchestratorHostService.cs:line 41
   at Microsoft.Extensions.Hosting.Internal.Host.&lt;StartAsync&gt;b__14_1(IHostedService service, CancellationToken token)
   at Microsoft.Extensions.Hosting.Internal.Host.ForeachService[T](IEnumerable`1 services, CancellationToken token, Boolean concurrent, Boolean abortOnFirstException, List`1 exceptions, Func`3 operation)
   at Microsoft.Extensions.Hosting.Internal.Host.StartAsync(CancellationToken cancellationToken)
   at Aspire.Hosting.Testing.DistributedApplicationFactory.ObservedHost.StartAsync(CancellationToken cancellationToken) in /_/src/Aspire.Hosting.Testing/DistributedApplicationFactory.cs:line 616
   at Aspire.Hosting.Testing.DistributedApplicationFactory.StartAsync(CancellationToken cancellationToken) in /_/src/Aspire.Hosting.Testing/DistributedApplicationFactory.cs:line 74
   at Aspire.Hosting.Testing.DistributedApplicationTestingBuilder.SuspendingDistributedApplicationFactory.DelegatedHost.StartAsync(CancellationToken cancellationToken) in /_/src/Aspire.Hosting.Testing/DistributedApplicationTestingBuilder.cs:line 304
   at Aspire.Hosting.Testing.DistributedApplicationTestingBuilder.SuspendingDistributedApplicationFactory.DelegatedDistributedApplication.StartAsync(CancellationToken cancellationToken) in /_/src/Aspire.Hosting.Testing/DistributedApplicationTestingBuilder.cs:line 279
   at Zeitung.AppHost.Tests.HealthCheckTests.OneTimeSetUpAsync() in /home/runner/work/zeitung/zeitung/src/backend/Zeitung.AppHost.Tests/HealthCheckTests.cs:line 44
   at NUnit.Framework.Internal.TaskAwaitAdapter.GenericAdapter`1.BlockUntilCompleted()
   at NUnit.Framework.Internal.MessagePumpStrategy.NoMessagePumpStrategy.WaitForCompletion(AwaitAdapter awaiter)
   at NUnit.Framework.Internal.AsyncToSyncAdapter.Await[TResult](TestExecutionContext context, Func`1 invoke)
   at NUnit.Framework.Internal.AsyncToSyncAdapter.Await(TestExecutionContext context, Func`1 invoke)
   at NUnit.Framework.Internal.Commands.SetUpTearDownItem.RunSetUpOrTearDownMethod(TestExecutionContext context, IMethodInfo method)
   at NUnit.Framework.Internal.Commands.SetUpTearDownItem.RunSetUp(TestExecutionContext context)
--TaskCanceledException
   at Polly.Retry.RetryResilienceStrategy`1.ExecuteCore[TState](Func`3 callback, ResilienceContext context, TState state)
</StackTrace>
        </ErrorInfo>
      </Output>
    </UnitTestResult>
    <UnitTestResult executionId="18dacbae-e7d7-44f7-8c37-55c9aa49e17e" testId="da260b0d-dc59-8746-1964-ea649b6ff9fb" testName="RedisHealthCheckIsRegistered" computerName="runnervmw9dnm" duration="00:00:21.3322150" startTime="2025-11-13T10:26:51.4437884+00:00" endTime="2025-11-13T10:27:12.7760033+00:00" testType="13cdc9d9-ddb5-4fa4-a97d-d965ccfc6d4b" outcome="Failed" testListId="8c84fa94-04c1-424b-9868-57a2d4851a1d" relativeResultsDirectory="18dacbae-e7d7-44f7-8c37-55c9aa49e17e">
      <Output>
        <ErrorInfo>
          <Message>OneTimeSetUp: SetUp : Polly.Timeout.TimeoutRejectedException : The operation didn't complete within the allowed timeout of '00:00:20'.
  ----&gt; System.Threading.Tasks.TaskCanceledException : A task was canceled.</Message>
          <StackTrace>--SetUp
   at Polly.Utils.ExceptionUtilities.TrySetStackTrace[T](T exception)
   at Polly.Timeout.TimeoutResilienceStrategy.ExecuteCore[TResult,TState](Func`3 callback, ResilienceContext context, TState state)
   at System.Runtime.CompilerServices.AsyncTaskMethodBuilder`1.AsyncStateMachineBox`1.ExecutionContextCallback(Object s)
   at System.Threading.ExecutionContext.RunInternal(ExecutionContext executionContext, ContextCallback callback, Object state)
   at System.Runtime.CompilerServices.AsyncTaskMethodBuilder`1.AsyncStateMachineBox`1.MoveNext(Thread threadPoolThread)
   at System.Runtime.CompilerServices.AsyncTaskMethodBuilder`1.AsyncStateMachineBox`1.MoveNext()
   at System.Threading.Tasks.AwaitTaskContinuation.RunOrScheduleAction(IAsyncStateMachineBox box, Boolean allowInlining)
   at System.Threading.Tasks.Task.RunContinuations(Object continuationObject)
   at System.Runtime.CompilerServices.AsyncValueTaskMethodBuilder`1.SetResult(TResult result)
   at Polly.Utils.Pipeline.BridgeComponent`1.&lt;ExecuteCore&gt;g__ConvertValueTaskAsync|4_0[TResult,TState](ValueTask`1 valueTask, ResilienceContext resilienceContext)
   at System.Runtime.CompilerServices.AsyncTaskMethodBuilder`1.AsyncStateMachineBox`1.ExecutionContextCallback(Object s)
   at System.Threading.ExecutionContext.RunInternal(ExecutionContext executionContext, ContextCallback callback, Object state)
   at System.Runtime.CompilerServices.AsyncTaskMethodBuilder`1.AsyncStateMachineBox`1.MoveNext(Thread threadPoolThread)
   at System.Runtime.CompilerServices.AsyncTaskMethodBuilder`1.AsyncStateMachineBox`1.MoveNext()
   at System.Threading.Tasks.AwaitTaskContinuation.RunOrScheduleAction(IAsyncStateMachineBox box, Boolean allowInlining)
   at System.Threading.Tasks.Task.RunContinuations(Object continuationObject)
   at System.Runtime.CompilerServices.AsyncValueTaskMethodBuilder`1.SetResult(TResult result)
   at Polly.Retry.RetryResilienceStrategy`1.ExecuteCore[TState](Func`3 callback, ResilienceContext context, TState state)
   at System.Runtime.CompilerServices.AsyncTaskMethodBuilder`1.AsyncStateMachineBox`1.ExecutionContextCallback(Object s)
   at System.Threading.ExecutionContext.RunFromThreadPoolDispatchLoop(Thread threadPoolThread, ExecutionContext executionContext, ContextCallback callback, Object state)
   at System.Runtime.CompilerServices.AsyncTaskMethodBuilder`1.AsyncStateMachineBox`1.MoveNext(Thread threadPoolThread)
   at System.Runtime.CompilerServices.AsyncTaskMethodBuilder`1.AsyncStateMachineBox`1.ExecuteFromThreadPool(Thread threadPoolThread)
   at System.Threading.ThreadPoolWorkQueue.Dispatch()
   at System.Threading.PortableThreadPool.WorkerThread.WorkerThreadStart()
--- End of stack trace from previous location ---
   at Polly.Outcome`1.GetResultOrRethrow()
   at Polly.ResiliencePipeline.ExecuteAsync[TResult](Func`2 callback, CancellationToken cancellationToken)
   at Aspire.Hosting.Dcp.KubernetesService.ExecuteWithRetry[TResult](DcpApiOperationType operationType, String resourceType, Func`2 operation, Func`2 isRetryable, CancellationToken cancellationToken) in /_/src/Aspire.Hosting/Dcp/KubernetesService.cs:line 475
   at Aspire.Hosting.Dcp.DcpExecutor.CreateResourcesAsync[RT](CancellationToken cancellationToken) in /_/src/Aspire.Hosting/Dcp/DcpExecutor.cs:line 1713
   at Aspire.Hosting.Dcp.DcpExecutor.CreateServicesAsync(CancellationToken cancellationToken) in /_/src/Aspire.Hosting/Dcp/DcpExecutor.cs:line 726
   at Aspire.Hosting.Dcp.DcpExecutor.RunApplicationAsync(CancellationToken cancellationToken) in /_/src/Aspire.Hosting/Dcp/DcpExecutor.cs:line 152
   at Aspire.Hosting.Orchestrator.ApplicationOrchestrator.RunApplicationAsync(CancellationToken cancellationToken) in /_/src/Aspire.Hosting/Orchestrator/ApplicationOrchestrator.cs:line 359
   at Aspire.Hosting.Orchestrator.OrchestratorHostService.StartAsync(CancellationToken cancellationToken) in /_/src/Aspire.Hosting/Orchestrator/OrchestratorHostService.cs:line 41
   at Microsoft.Extensions.Hosting.Internal.Host.&lt;StartAsync&gt;b__14_1(IHostedService service, CancellationToken token)
   at Microsoft.Extensions.Hosting.Internal.Host.ForeachService[T](IEnumerable`1 services, CancellationToken token, Boolean concurrent, Boolean abortOnFirstException, List`1 exceptions, Func`3 operation)
   at Microsoft.Extensions.Hosting.Internal.Host.StartAsync(CancellationToken cancellationToken)
   at Aspire.Hosting.Testing.DistributedApplicationFactory.ObservedHost.StartAsync(CancellationToken cancellationToken) in /_/src/Aspire.Hosting.Testing/DistributedApplicationFactory.cs:line 616
   at Aspire.Hosting.Testing.DistributedApplicationFactory.StartAsync(CancellationToken cancellationToken) in /_/src/Aspire.Hosting.Testing/DistributedApplicationFactory.cs:line 74
   at Aspire.Hosting.Testing.DistributedApplicationTestingBuilder.SuspendingDistributedApplicationFactory.DelegatedHost.StartAsync(CancellationToken cancellationToken) in /_/src/Aspire.Hosting.Testing/DistributedApplicationTestingBuilder.cs:line 304
   at Aspire.Hosting.Testing.DistributedApplicationTestingBuilder.SuspendingDistributedApplicationFactory.DelegatedDistributedApplication.StartAsync(CancellationToken cancellationToken) in /_/src/Aspire.Hosting.Testing/DistributedApplicationTestingBuilder.cs:line 279
   at Zeitung.AppHost.Tests.HealthCheckTests.OneTimeSetUpAsync() in /home/runner/work/zeitung/zeitung/src/backend/Zeitung.AppHost.Tests/HealthCheckTests.cs:line 44
   at NUnit.Framework.Internal.TaskAwaitAdapter.GenericAdapter`1.BlockUntilCompleted()
   at NUnit.Framework.Internal.MessagePumpStrategy.NoMessagePumpStrategy.WaitForCompletion(AwaitAdapter awaiter)
   at NUnit.Framework.Internal.AsyncToSyncAdapter.Await[TResult](TestExecutionContext context, Func`1 invoke)
   at NUnit.Framework.Internal.AsyncToSyncAdapter.Await(TestExecutionContext context, Func`1 invoke)
   at NUnit.Framework.Internal.Commands.SetUpTearDownItem.RunSetUpOrTearDownMethod(TestExecutionContext context, IMethodInfo method)
   at NUnit.Framework.Internal.Commands.SetUpTearDownItem.RunSetUp(TestExecutionContext context)
--TaskCanceledException
   at Polly.Retry.RetryResilienceStrategy`1.ExecuteCore[TState](Func`3 callback, ResilienceContext context, TState state)
</StackTrace>
        </ErrorInfo>
      </Output>
    </UnitTestResult>
    <UnitTestResult executionId="cc2d0bc4-ba46-494f-9f03-a7bd6bf434ed" testId="6fa0f635-3f0f-853d-7f4c-99fde447ee95" testName="ApiAliveEndpointReturnsOk" computerName="runnervmw9dnm" duration="00:00:21.3314350" startTime="2025-11-13T10:26:51.4437884+00:00" endTime="2025-11-13T10:27:12.7751806+00:00" testType="13cdc9d9-ddb5-4fa4-a97d-d965ccfc6d4b" outcome="Failed" testListId="8c84fa94-04c1-424b-9868-57a2d4851a1d" relativeResultsDirectory="cc2d0bc4-ba46-494f-9f03-a7bd6bf434ed">
      <Output>
        <ErrorInfo>
          <Message>OneTimeSetUp: SetUp : Polly.Timeout.TimeoutRejectedException : The operation didn't complete within the allowed timeout of '00:00:20'.
  ----&gt; System.Threading.Tasks.TaskCanceledException : A task was canceled.</Message>
          <StackTrace>--SetUp
   at Polly.Utils.ExceptionUtilities.TrySetStackTrace[T](T exception)
   at Polly.Timeout.TimeoutResilienceStrategy.ExecuteCore[TResult,TState](Func`3 callback, ResilienceContext context, TState state)
   at System.Runtime.CompilerServices.AsyncTaskMethodBuilder`1.AsyncStateMachineBox`1.ExecutionContextCallback(Object s)
   at System.Threading.ExecutionContext.RunInternal(ExecutionContext executionContext, ContextCallback callback, Object state)
   at System.Runtime.CompilerServices.AsyncTaskMethodBuilder`1.AsyncStateMachineBox`1.MoveNext(Thread threadPoolThread)
   at System.Runtime.CompilerServices.AsyncTaskMethodBuilder`1.AsyncStateMachineBox`1.MoveNext()
   at System.Threading.Tasks.AwaitTaskContinuation.RunOrScheduleAction(IAsyncStateMachineBox box, Boolean allowInlining)
   at System.Threading.Tasks.Task.RunContinuations(Object continuationObject)
   at System.Runtime.CompilerServices.AsyncValueTaskMethodBuilder`1.SetResult(TResult result)
   at Polly.Utils.Pipeline.BridgeComponent`1.&lt;ExecuteCore&gt;g__ConvertValueTaskAsync|4_0[TResult,TState](ValueTask`1 valueTask, ResilienceContext resilienceContext)
   at System.Runtime.CompilerServices.AsyncTaskMethodBuilder`1.AsyncStateMachineBox`1.ExecutionContextCallback(Object s)
   at System.Threading.ExecutionContext.RunInternal(ExecutionContext executionContext, ContextCallback callback, Object state)
   at System.Runtime.CompilerServices.AsyncTaskMethodBuilder`1.AsyncStateMachineBox`1.MoveNext(Thread threadPoolThread)
   at System.Runtime.CompilerServices.AsyncTaskMethodBuilder`1.AsyncStateMachineBox`1.MoveNext()
   at System.Threading.Tasks.AwaitTaskContinuation.RunOrScheduleAction(IAsyncStateMachineBox box, Boolean allowInlining)
   at System.Threading.Tasks.Task.RunContinuations(Object continuationObject)
   at System.Runtime.CompilerServices.AsyncValueTaskMethodBuilder`1.SetResult(TResult result)
   at Polly.Retry.RetryResilienceStrategy`1.ExecuteCore[TState](Func`3 callback, ResilienceContext context, TState state)
   at System.Runtime.CompilerServices.AsyncTaskMethodBuilder`1.AsyncStateMachineBox`1.ExecutionContextCallback(Object s)
   at System.Threading.ExecutionContext.RunFromThreadPoolDispatchLoop(Thread threadPoolThread, ExecutionContext executionContext, ContextCallback callback, Object state)
   at System.Runtime.CompilerServices.AsyncTaskMethodBuilder`1.AsyncStateMachineBox`1.MoveNext(Thread threadPoolThread)
   at System.Runtime.CompilerServices.AsyncTaskMethodBuilder`1.AsyncStateMachineBox`1.ExecuteFromThreadPool(Thread threadPoolThread)
   at System.Threading.ThreadPoolWorkQueue.Dispatch()
   at System.Threading.PortableThreadPool.WorkerThread.WorkerThreadStart()
--- End of stack trace from previous location ---
   at Polly.Outcome`1.GetResultOrRethrow()
   at Polly.ResiliencePipeline.ExecuteAsync[TResult](Func`2 callback, CancellationToken cancellationToken)
   at Aspire.Hosting.Dcp.KubernetesService.ExecuteWithRetry[TResult](DcpApiOperationType operationType, String resourceType, Func`2 operation, Func`2 isRetryable, CancellationToken cancellationToken) in /_/src/Aspire.Hosting/Dcp/KubernetesService.cs:line 475
   at Aspire.Hosting.Dcp.DcpExecutor.CreateResourcesAsync[RT](CancellationToken cancellationToken) in /_/src/Aspire.Hosting/Dcp/DcpExecutor.cs:line 1713
   at Aspire.Hosting.Dcp.DcpExecutor.CreateServicesAsync(CancellationToken cancellationToken) in /_/src/Aspire.Hosting/Dcp/DcpExecutor.cs:line 726
   at Aspire.Hosting.Dcp.DcpExecutor.RunApplicationAsync(CancellationToken cancellationToken) in /_/src/Aspire.Hosting/Dcp/DcpExecutor.cs:line 152
   at Aspire.Hosting.Orchestrator.ApplicationOrchestrator.RunApplicationAsync(CancellationToken cancellationToken) in /_/src/Aspire.Hosting/Orchestrator/ApplicationOrchestrator.cs:line 359
   at Aspire.Hosting.Orchestrator.OrchestratorHostService.StartAsync(CancellationToken cancellationToken) in /_/src/Aspire.Hosting/Orchestrator/OrchestratorHostService.cs:line 41
   at Microsoft.Extensions.Hosting.Internal.Host.&lt;StartAsync&gt;b__14_1(IHostedService service, CancellationToken token)
   at Microsoft.Extensions.Hosting.Internal.Host.ForeachService[T](IEnumerable`1 services, CancellationToken token, Boolean concurrent, Boolean abortOnFirstException, List`1 exceptions, Func`3 operation)
   at Microsoft.Extensions.Hosting.Internal.Host.StartAsync(CancellationToken cancellationToken)
   at Aspire.Hosting.Testing.DistributedApplicationFactory.ObservedHost.StartAsync(CancellationToken cancellationToken) in /_/src/Aspire.Hosting.Testing/DistributedApplicationFactory.cs:line 616
   at Aspire.Hosting.Testing.DistributedApplicationFactory.StartAsync(CancellationToken cancellationToken) in /_/src/Aspire.Hosting.Testing/DistributedApplicationFactory.cs:line 74
   at Aspire.Hosting.Testing.DistributedApplicationTestingBuilder.SuspendingDistributedApplicationFactory.DelegatedHost.StartAsync(CancellationToken cancellationToken) in /_/src/Aspire.Hosting.Testing/DistributedApplicationTestingBuilder.cs:line 304
   at Aspire.Hosting.Testing.DistributedApplicationTestingBuilder.SuspendingDistributedApplicationFactory.DelegatedDistributedApplication.StartAsync(CancellationToken cancellationToken) in /_/src/Aspire.Hosting.Testing/DistributedApplicationTestingBuilder.cs:line 279
   at Zeitung.AppHost.Tests.HealthCheckTests.OneTimeSetUpAsync() in /home/runner/work/zeitung/zeitung/src/backend/Zeitung.AppHost.Tests/HealthCheckTests.cs:line 44
   at NUnit.Framework.Internal.TaskAwaitAdapter.GenericAdapter`1.BlockUntilCompleted()
   at NUnit.Framework.Internal.MessagePumpStrategy.NoMessagePumpStrategy.WaitForCompletion(AwaitAdapter awaiter)
   at NUnit.Framework.Internal.AsyncToSyncAdapter.Await[TResult](TestExecutionContext context, Func`1 invoke)
   at NUnit.Framework.Internal.AsyncToSyncAdapter.Await(TestExecutionContext context, Func`1 invoke)
   at NUnit.Framework.Internal.Commands.SetUpTearDownItem.RunSetUpOrTearDownMethod(TestExecutionContext context, IMethodInfo method)
   at NUnit.Framework.Internal.Commands.SetUpTearDownItem.RunSetUp(TestExecutionContext context)
--TaskCanceledException
   at Polly.Retry.RetryResilienceStrategy`1.ExecuteCore[TState](Func`3 callback, ResilienceContext context, TState state)
</StackTrace>
        </ErrorInfo>
      </Output>
    </UnitTestResult>
    <UnitTestResult executionId="617131b8-7793-452c-a7a8-fc0396d3fe92" testId="95ec3b8c-682e-8512-89ea-ee5136e51d43" testName="PostgresHealthCheckIsRegistered" computerName="runnervmw9dnm" duration="00:00:21.3322130" startTime="2025-11-13T10:26:51.4437884+00:00" endTime="2025-11-13T10:27:12.7760014+00:00" testType="13cdc9d9-ddb5-4fa4-a97d-d965ccfc6d4b" outcome="Failed" testListId="8c84fa94-04c1-424b-9868-57a2d4851a1d" relativeResultsDirectory="617131b8-7793-452c-a7a8-fc0396d3fe92">
      <Output>
        <ErrorInfo>
          <Message>OneTimeSetUp: SetUp : Polly.Timeout.TimeoutRejectedException : The operation didn't complete within the allowed timeout of '00:00:20'.
  ----&gt; System.Threading.Tasks.TaskCanceledException : A task was canceled.</Message>
          <StackTrace>--SetUp
   at Polly.Utils.ExceptionUtilities.TrySetStackTrace[T](T exception)
   at Polly.Timeout.TimeoutResilienceStrategy.ExecuteCore[TResult,TState](Func`3 callback, ResilienceContext context, TState state)
   at System.Runtime.CompilerServices.AsyncTaskMethodBuilder`1.AsyncStateMachineBox`1.ExecutionContextCallback(Object s)
   at System.Threading.ExecutionContext.RunInternal(ExecutionContext executionContext, ContextCallback callback, Object state)
   at System.Runtime.CompilerServices.AsyncTaskMethodBuilder`1.AsyncStateMachineBox`1.MoveNext(Thread threadPoolThread)
   at System.Runtime.CompilerServices.AsyncTaskMethodBuilder`1.AsyncStateMachineBox`1.MoveNext()
   at System.Threading.Tasks.AwaitTaskContinuation.RunOrScheduleAction(IAsyncStateMachineBox box, Boolean allowInlining)
   at System.Threading.Tasks.Task.RunContinuations(Object continuationObject)
   at System.Runtime.CompilerServices.AsyncValueTaskMethodBuilder`1.SetResult(TResult result)
   at Polly.Utils.Pipeline.BridgeComponent`1.&lt;ExecuteCore&gt;g__ConvertValueTaskAsync|4_0[TResult,TState](ValueTask`1 valueTask, ResilienceContext resilienceContext)
   at System.Runtime.CompilerServices.AsyncTaskMethodBuilder`1.AsyncStateMachineBox`1.ExecutionContextCallback(Object s)
   at System.Threading.ExecutionContext.RunInternal(ExecutionContext executionContext, ContextCallback callback, Object state)
   at System.Runtime.CompilerServices.AsyncTaskMethodBuilder`1.AsyncStateMachineBox`1.MoveNext(Thread threadPoolThread)
   at System.Runtime.CompilerServices.AsyncTaskMethodBuilder`1.AsyncStateMachineBox`1.MoveNext()
   at System.Threading.Tasks.AwaitTaskContinuation.RunOrScheduleAction(IAsyncStateMachineBox box, Boolean allowInlining)
   at System.Threading.Tasks.Task.RunContinuations(Object continuationObject)
   at System.Runtime.CompilerServices.AsyncValueTaskMethodBuilder`1.SetResult(TResult result)
   at Polly.Retry.RetryResilienceStrategy`1.ExecuteCore[TState](Func`3 callback, ResilienceContext context, TState state)
   at System.Runtime.CompilerServices.AsyncTaskMethodBuilder`1.AsyncStateMachineBox`1.ExecutionContextCallback(Object s)
   at System.Threading.ExecutionContext.RunFromThreadPoolDispatchLoop(Thread threadPoolThread, ExecutionContext executionContext, ContextCallback callback, Object state)
   at System.Runtime.CompilerServices.AsyncTaskMethodBuilder`1.AsyncStateMachineBox`1.MoveNext(Thread threadPoolThread)
   at System.Runtime.CompilerServices.AsyncTaskMethodBuilder`1.AsyncStateMachineBox`1.ExecuteFromThreadPool(Thread threadPoolThread)
   at System.Threading.ThreadPoolWorkQueue.Dispatch()
   at System.Threading.PortableThreadPool.WorkerThread.WorkerThreadStart()
--- End of stack trace from previous location ---
   at Polly.Outcome`1.GetResultOrRethrow()
   at Polly.ResiliencePipeline.ExecuteAsync[TResult](Func`2 callback, CancellationToken cancellationToken)
   at Aspire.Hosting.Dcp.KubernetesService.ExecuteWithRetry[TResult](DcpApiOperationType operationType, String resourceType, Func`2 operation, Func`2 isRetryable, CancellationToken cancellationToken) in /_/src/Aspire.Hosting/Dcp/KubernetesService.cs:line 475
   at Aspire.Hosting.Dcp.DcpExecutor.CreateResourcesAsync[RT](CancellationToken cancellationToken) in /_/src/Aspire.Hosting/Dcp/DcpExecutor.cs:line 1713
   at Aspire.Hosting.Dcp.DcpExecutor.CreateServicesAsync(CancellationToken cancellationToken) in /_/src/Aspire.Hosting/Dcp/DcpExecutor.cs:line 726
   at Aspire.Hosting.Dcp.DcpExecutor.RunApplicationAsync(CancellationToken cancellationToken) in /_/src/Aspire.Hosting/Dcp/DcpExecutor.cs:line 152
   at Aspire.Hosting.Orchestrator.ApplicationOrchestrator.RunApplicationAsync(CancellationToken cancellationToken) in /_/src/Aspire.Hosting/Orchestrator/ApplicationOrchestrator.cs:line 359
   at Aspire.Hosting.Orchestrator.OrchestratorHostService.StartAsync(CancellationToken cancellationToken) in /_/src/Aspire.Hosting/Orchestrator/OrchestratorHostService.cs:line 41
   at Microsoft.Extensions.Hosting.Internal.Host.&lt;StartAsync&gt;b__14_1(IHostedService service, CancellationToken token)
   at Microsoft.Extensions.Hosting.Internal.Host.ForeachService[T](IEnumerable`1 services, CancellationToken token, Boolean concurrent, Boolean abortOnFirstException, List`1 exceptions, Func`3 operation)
   at Microsoft.Extensions.Hosting.Internal.Host.StartAsync(CancellationToken cancellationToken)
   at Aspire.Hosting.Testing.DistributedApplicationFactory.ObservedHost.StartAsync(CancellationToken cancellationToken) in /_/src/Aspire.Hosting.Testing/DistributedApplicationFactory.cs:line 616
   at Aspire.Hosting.Testing.DistributedApplicationFactory.StartAsync(CancellationToken cancellationToken) in /_/src/Aspire.Hosting.Testing/DistributedApplicationFactory.cs:line 74
   at Aspire.Hosting.Testing.DistributedApplicationTestingBuilder.SuspendingDistributedApplicationFactory.DelegatedHost.StartAsync(CancellationToken cancellationToken) in /_/src/Aspire.Hosting.Testing/DistributedApplicationTestingBuilder.cs:line 304
   at Aspire.Hosting.Testing.DistributedApplicationTestingBuilder.SuspendingDistributedApplicationFactory.DelegatedDistributedApplication.StartAsync(CancellationToken cancellationToken) in /_/src/Aspire.Hosting.Testing/DistributedApplicationTestingBuilder.cs:line 279
   at Zeitung.AppHost.Tests.HealthCheckTests.OneTimeSetUpAsync() in /home/runner/work/zeitung/zeitung/src/backend/Zeitung.AppHost.Tests/HealthCheckTests.cs:line 44
   at NUnit.Framework.Internal.TaskAwaitAdapter.GenericAdapter`1.BlockUntilCompleted()
   at NUnit.Framework.Internal.MessagePumpStrategy.NoMessagePumpStrategy.WaitForCompletion(AwaitAdapter awaiter)
   at NUnit.Framework.Internal.AsyncToSyncAdapter.Await[TResult](TestExecutionContext context, Func`1 invoke)
   at NUnit.Framework.Internal.AsyncToSyncAdapter.Await(TestExecutionContext context, Func`1 invoke)
   at NUnit.Framework.Internal.Commands.SetUpTearDownItem.RunSetUpOrTearDownMethod(TestExecutionContext context, IMethodInfo method)
   at NUnit.Framework.Internal.Commands.SetUpTearDownItem.RunSetUp(TestExecutionContext context)
--TaskCanceledException
   at Polly.Retry.RetryResilienceStrategy`1.ExecuteCore[TState](Func`3 callback, ResilienceContext context, TState state)
</StackTrace>
        </ErrorInfo>
      </Output>
    </UnitTestResult>
    <UnitTestResult executionId="0a72645d-33ed-49c6-9aa8-a594458090f8" testId="305858cc-cbc0-52ab-f45b-6cd1a7971122" testName="ElasticsearchHealthCheckIsRegistered" computerName="runnervmw9dnm" duration="00:00:21.3322110" startTime="2025-11-13T10:26:51.4437884+00:00" endTime="2025-11-13T10:27:12.7759993+00:00" testType="13cdc9d9-ddb5-4fa4-a97d-d965ccfc6d4b" outcome="Failed" testListId="8c84fa94-04c1-424b-9868-57a2d4851a1d" relativeResultsDirectory="0a72645d-33ed-49c6-9aa8-a594458090f8">
      <Output>
        <ErrorInfo>
          <Message>OneTimeSetUp: SetUp : Polly.Timeout.TimeoutRejectedException : The operation didn't complete within the allowed timeout of '00:00:20'.
  ----&gt; System.Threading.Tasks.TaskCanceledException : A task was canceled.</Message>
          <StackTrace>--SetUp
   at Polly.Utils.ExceptionUtilities.TrySetStackTrace[T](T exception)
   at Polly.Timeout.TimeoutResilienceStrategy.ExecuteCore[TResult,TState](Func`3 callback, ResilienceContext context, TState state)
   at System.Runtime.CompilerServices.AsyncTaskMethodBuilder`1.AsyncStateMachineBox`1.ExecutionContextCallback(Object s)
   at System.Threading.ExecutionContext.RunInternal(ExecutionContext executionContext, ContextCallback callback, Object state)
   at System.Runtime.CompilerServices.AsyncTaskMethodBuilder`1.AsyncStateMachineBox`1.MoveNext(Thread threadPoolThread)
   at System.Runtime.CompilerServices.AsyncTaskMethodBuilder`1.AsyncStateMachineBox`1.MoveNext()
   at System.Threading.Tasks.AwaitTaskContinuation.RunOrScheduleAction(IAsyncStateMachineBox box, Boolean allowInlining)
   at System.Threading.Tasks.Task.RunContinuations(Object continuationObject)
   at System.Runtime.CompilerServices.AsyncValueTaskMethodBuilder`1.SetResult(TResult result)
   at Polly.Utils.Pipeline.BridgeComponent`1.&lt;ExecuteCore&gt;g__ConvertValueTaskAsync|4_0[TResult,TState](ValueTask`1 valueTask, ResilienceContext resilienceContext)
   at System.Runtime.CompilerServices.AsyncTaskMethodBuilder`1.AsyncStateMachineBox`1.ExecutionContextCallback(Object s)
   at System.Threading.ExecutionContext.RunInternal(ExecutionContext executionContext, ContextCallback callback, Object state)
   at System.Runtime.CompilerServices.AsyncTaskMethodBuilder`1.AsyncStateMachineBox`1.MoveNext(Thread threadPoolThread)
   at System.Runtime.CompilerServices.AsyncTaskMethodBuilder`1.AsyncStateMachineBox`1.MoveNext()
   at System.Threading.Tasks.AwaitTaskContinuation.RunOrScheduleAction(IAsyncStateMachineBox box, Boolean allowInlining)
   at System.Threading.Tasks.Task.RunContinuations(Object continuationObject)
   at System.Runtime.CompilerServices.AsyncValueTaskMethodBuilder`1.SetResult(TResult result)
   at Polly.Retry.RetryResilienceStrategy`1.ExecuteCore[TState](Func`3 callback, ResilienceContext context, TState state)
   at System.Runtime.CompilerServices.AsyncTaskMethodBuilder`1.AsyncStateMachineBox`1.ExecutionContextCallback(Object s)
   at System.Threading.ExecutionContext.RunFromThreadPoolDispatchLoop(Thread threadPoolThread, ExecutionContext executionContext, ContextCallback callback, Object state)
   at System.Runtime.CompilerServices.AsyncTaskMethodBuilder`1.AsyncStateMachineBox`1.MoveNext(Thread threadPoolThread)
   at System.Runtime.CompilerServices.AsyncTaskMethodBuilder`1.AsyncStateMachineBox`1.ExecuteFromThreadPool(Thread threadPoolThread)
   at System.Threading.ThreadPoolWorkQueue.Dispatch()
   at System.Threading.PortableThreadPool.WorkerThread.WorkerThreadStart()
--- End of stack trace from previous location ---
   at Polly.Outcome`1.GetResultOrRethrow()
   at Polly.ResiliencePipeline.ExecuteAsync[TResult](Func`2 callback, CancellationToken cancellationToken)
   at Aspire.Hosting.Dcp.KubernetesService.ExecuteWithRetry[TResult](DcpApiOperationType operationType, String resourceType, Func`2 operation, Func`2 isRetryable, CancellationToken cancellationToken) in /_/src/Aspire.Hosting/Dcp/KubernetesService.cs:line 475
   at Aspire.Hosting.Dcp.DcpExecutor.CreateResourcesAsync[RT](CancellationToken cancellationToken) in /_/src/Aspire.Hosting/Dcp/DcpExecutor.cs:line 1713
   at Aspire.Hosting.Dcp.DcpExecutor.CreateServicesAsync(CancellationToken cancellationToken) in /_/src/Aspire.Hosting/Dcp/DcpExecutor.cs:line 726
   at Aspire.Hosting.Dcp.DcpExecutor.RunApplicationAsync(CancellationToken cancellationToken) in /_/src/Aspire.Hosting/Dcp/DcpExecutor.cs:line 152
   at Aspire.Hosting.Orchestrator.ApplicationOrchestrator.RunApplicationAsync(CancellationToken cancellationToken) in /_/src/Aspire.Hosting/Orchestrator/ApplicationOrchestrator.cs:line 359
   at Aspire.Hosting.Orchestrator.OrchestratorHostService.StartAsync(CancellationToken cancellationToken) in /_/src/Aspire.Hosting/Orchestrator/OrchestratorHostService.cs:line 41
   at Microsoft.Extensions.Hosting.Internal.Host.&lt;StartAsync&gt;b__14_1(IHostedService service, CancellationToken token)
   at Microsoft.Extensions.Hosting.Internal.Host.ForeachService[T](IEnumerable`1 services, CancellationToken token, Boolean concurrent, Boolean abortOnFirstException, List`1 exceptions, Func`3 operation)
   at Microsoft.Extensions.Hosting.Internal.Host.StartAsync(CancellationToken cancellationToken)
   at Aspire.Hosting.Testing.DistributedApplicationFactory.ObservedHost.StartAsync(CancellationToken cancellationToken) in /_/src/Aspire.Hosting.Testing/DistributedApplicationFactory.cs:line 616
   at Aspire.Hosting.Testing.DistributedApplicationFactory.StartAsync(CancellationToken cancellationToken) in /_/src/Aspire.Hosting.Testing/DistributedApplicationFactory.cs:line 74
   at Aspire.Hosting.Testing.DistributedApplicationTestingBuilder.SuspendingDistributedApplicationFactory.DelegatedHost.StartAsync(CancellationToken cancellationToken) in /_/src/Aspire.Hosting.Testing/DistributedApplicationTestingBuilder.cs:line 304
   at Aspire.Hosting.Testing.DistributedApplicationTestingBuilder.SuspendingDistributedApplicationFactory.DelegatedDistributedApplication.StartAsync(CancellationToken cancellationToken) in /_/src/Aspire.Hosting.Testing/DistributedApplicationTestingBuilder.cs:line 279
   at Zeitung.AppHost.Tests.HealthCheckTests.OneTimeSetUpAsync() in /home/runner/work/zeitung/zeitung/src/backend/Zeitung.AppHost.Tests/HealthCheckTests.cs:line 44
   at NUnit.Framework.Internal.TaskAwaitAdapter.GenericAdapter`1.BlockUntilCompleted()
   at NUnit.Framework.Internal.MessagePumpStrategy.NoMessagePumpStrategy.WaitForCompletion(AwaitAdapter awaiter)
   at NUnit.Framework.Internal.AsyncToSyncAdapter.Await[TResult](TestExecutionContext context, Func`1 invoke)
   at NUnit.Framework.Internal.AsyncToSyncAdapter.Await(TestExecutionContext context, Func`1 invoke)
   at NUnit.Framework.Internal.Commands.SetUpTearDownItem.RunSetUpOrTearDownMethod(TestExecutionContext context, IMethodInfo method)
   at NUnit.Framework.Internal.Commands.SetUpTearDownItem.RunSetUp(TestExecutionContext context)
--TaskCanceledException
   at Polly.Retry.RetryResilienceStrategy`1.ExecuteCore[TState](Func`3 callback, ResilienceContext context, TState state)
</StackTrace>
        </ErrorInfo>
      </Output>
    </UnitTestResult>
  </Results>
  <TestDefinitions>
    <UnitTest name="PostgresHealthCheckIsRegistered" storage="/home/runner/work/zeitung/zeitung/src/backend/zeitung.apphost.tests/bin/release/net9.0/zeitung.apphost.tests.dll" id="95ec3b8c-682e-8512-89ea-ee5136e51d43">
      <Execution id="617131b8-7793-452c-a7a8-fc0396d3fe92" />
      <TestMethod codeBase="/home/runner/work/zeitung/zeitung/src/backend/Zeitung.AppHost.Tests/bin/Release/net9.0/Zeitung.AppHost.Tests.dll" adapterTypeName="executor://nunit3testexecutor/" className="Zeitung.AppHost.Tests.HealthCheckTests" name="PostgresHealthCheckIsRegistered" />
    </UnitTest>
    <UnitTest name="ApiReadyEndpointReturnsOkWhenDependenciesAreHealthy" storage="/home/runner/work/zeitung/zeitung/src/backend/zeitung.apphost.tests/bin/release/net9.0/zeitung.apphost.tests.dll" id="dfcf81cd-d5c5-7901-682e-8475793d09a5">
      <Execution id="b0bc9b2a-b795-4eb3-92b6-c676e13ba589" />
      <TestMethod codeBase="/home/runner/work/zeitung/zeitung/src/backend/Zeitung.AppHost.Tests/bin/Release/net9.0/Zeitung.AppHost.Tests.dll" adapterTypeName="executor://nunit3testexecutor/" className="Zeitung.AppHost.Tests.HealthCheckTests" name="ApiReadyEndpointReturnsOkWhenDependenciesAreHealthy" />
    </UnitTest>
    <UnitTest name="RedisHealthCheckIsRegistered" storage="/home/runner/work/zeitung/zeitung/src/backend/zeitung.apphost.tests/bin/release/net9.0/zeitung.apphost.tests.dll" id="da260b0d-dc59-8746-1964-ea649b6ff9fb">
      <Execution id="18dacbae-e7d7-44f7-8c37-55c9aa49e17e" />
      <TestMethod codeBase="/home/runner/work/zeitung/zeitung/src/backend/Zeitung.AppHost.Tests/bin/Release/net9.0/Zeitung.AppHost.Tests.dll" adapterTypeName="executor://nunit3testexecutor/" className="Zeitung.AppHost.Tests.HealthCheckTests" name="RedisHealthCheckIsRegistered" />
    </UnitTest>
    <UnitTest name="ApiHealthCheckEndpointReturnsOk" storage="/home/runner/work/zeitung/zeitung/src/backend/zeitung.apphost.tests/bin/release/net9.0/zeitung.apphost.tests.dll" id="22862163-11a4-d67f-eb07-77495d678de0">
      <Execution id="a3cd81ab-ae4a-4725-ae22-583af209b9b4" />
      <TestMethod codeBase="/home/runner/work/zeitung/zeitung/src/backend/Zeitung.AppHost.Tests/bin/Release/net9.0/Zeitung.AppHost.Tests.dll" adapterTypeName="executor://nunit3testexecutor/" className="Zeitung.AppHost.Tests.HealthCheckTests" name="ApiHealthCheckEndpointReturnsOk" />
    </UnitTest>
    <UnitTest name="ElasticsearchHealthCheckIsRegistered" storage="/home/runner/work/zeitung/zeitung/src/backend/zeitung.apphost.tests/bin/release/net9.0/zeitung.apphost.tests.dll" id="305858cc-cbc0-52ab-f45b-6cd1a7971122">
      <Execution id="0a72645d-33ed-49c6-9aa8-a594458090f8" />
      <TestMethod codeBase="/home/runner/work/zeitung/zeitung/src/backend/Zeitung.AppHost.Tests/bin/Release/net9.0/Zeitung.AppHost.Tests.dll" adapterTypeName="executor://nunit3testexecutor/" className="Zeitung.AppHost.Tests.HealthCheckTests" name="ElasticsearchHealthCheckIsRegistered" />
    </UnitTest>
    <UnitTest name="ApiAliveEndpointReturnsOk" storage="/home/runner/work/zeitung/zeitung/src/backend/zeitung.apphost.tests/bin/release/net9.0/zeitung.apphost.tests.dll" id="6fa0f635-3f0f-853d-7f4c-99fde447ee95">
      <Execution id="cc2d0bc4-ba46-494f-9f03-a7bd6bf434ed" />
      <TestMethod codeBase="/home/runner/work/zeitung/zeitung/src/backend/Zeitung.AppHost.Tests/bin/Release/net9.0/Zeitung.AppHost.Tests.dll" adapterTypeName="executor://nunit3testexecutor/" className="Zeitung.AppHost.Tests.HealthCheckTests" name="ApiAliveEndpointReturnsOk" />
    </UnitTest>
  </TestDefinitions>
  <TestEntries>
    <TestEntry testId="dfcf81cd-d5c5-7901-682e-8475793d09a5" executionId="b0bc9b2a-b795-4eb3-92b6-c676e13ba589" testListId="8c84fa94-04c1-424b-9868-57a2d4851a1d" />
    <TestEntry testId="22862163-11a4-d67f-eb07-77495d678de0" executionId="a3cd81ab-ae4a-4725-ae22-583af209b9b4" testListId="8c84fa94-04c1-424b-9868-57a2d4851a1d" />
    <TestEntry testId="da260b0d-dc59-8746-1964-ea649b6ff9fb" executionId="18dacbae-e7d7-44f7-8c37-55c9aa49e17e" testListId="8c84fa94-04c1-424b-9868-57a2d4851a1d" />
    <TestEntry testId="6fa0f635-3f0f-853d-7f4c-99fde447ee95" executionId="cc2d0bc4-ba46-494f-9f03-a7bd6bf434ed" testListId="8c84fa94-04c1-424b-9868-57a2d4851a1d" />
    <TestEntry testId="95ec3b8c-682e-8512-89ea-ee5136e51d43" executionId="617131b8-7793-452c-a7a8-fc0396d3fe92" testListId="8c84fa94-04c1-424b-9868-57a2d4851a1d" />
    <TestEntry testId="305858cc-cbc0-52ab-f45b-6cd1a7971122" executionId="0a72645d-33ed-49c6-9aa8-a594458090f8" testListId="8c84fa94-04c1-424b-9868-57a2d4851a1d" />
  </TestEntries>
  <TestLists>
    <TestList name="Results Not in a List" id="8c84fa94-04c1-424b-9868-57a2d4851a1d" />
    <TestList name="All Loaded Results" id="19431567-8539-422a-85d7-44ee4e166bda" />
  </TestLists>
  <ResultSummary outcome="Failed">
    <Counters total="6" executed="6" passed="0" failed="6" error="0" timeout="0" aborted="0" inconclusive="0" passedButRunAborted="0" notRunnable="0" notExecuted="0" disconnected="0" warning="0" completed="0" inProgress="0" pending="0" />
    <Output>
      <StdOut>NUnit Adapter 5.2.0.0: Test execution started
Running selected tests in /home/runner/work/zeitung/zeitung/src/backend/Zeitung.AppHost.Tests/bin/Release/net9.0/Zeitung.AppHost.Tests.dll
   NUnit3TestExecutor discovered 6 of 6 NUnit test cases using Current Discovery mode, Non-Explicit run
NUnit Adapter 5.2.0.0: Test execution complete
</StdOut>
    </Output>
    <RunInfos>
      <RunInfo computerName="runnervmw9dnm" outcome="Error" timestamp="2025-11-13T10:27:24.1067368+00:00">
        <Text>Setup failed for test fixture Zeitung.AppHost.Tests.HealthCheckTests</Text>
      </RunInfo>
      <RunInfo computerName="runnervmw9dnm" outcome="Error" timestamp="2025-11-13T10:27:24.1072175+00:00">
        <Text>SetUp : Polly.Timeout.TimeoutRejectedException : The operation didn't complete within the allowed timeout of '00:00:20'.
  ----&gt; System.Threading.Tasks.TaskCanceledException : A task was canceled.
StackTrace: --SetUp
   at Polly.Utils.ExceptionUtilities.TrySetStackTrace[T](T exception)
   at Polly.Timeout.TimeoutResilienceStrategy.ExecuteCore[TResult,TState](Func`3 callback, ResilienceContext context, TState state)
   at System.Runtime.CompilerServices.AsyncTaskMethodBuilder`1.AsyncStateMachineBox`1.ExecutionContextCallback(Object s)
   at System.Threading.ExecutionContext.RunInternal(ExecutionContext executionContext, ContextCallback callback, Object state)
   at System.Runtime.CompilerServices.AsyncTaskMethodBuilder`1.AsyncStateMachineBox`1.MoveNext(Thread threadPoolThread)
   at System.Runtime.CompilerServices.AsyncTaskMethodBuilder`1.AsyncStateMachineBox`1.MoveNext()
   at System.Threading.Tasks.AwaitTaskContinuation.RunOrScheduleAction(IAsyncStateMachineBox box, Boolean allowInlining)
   at System.Threading.Tasks.Task.RunContinuations(Object continuationObject)
   at System.Runtime.CompilerServices.AsyncValueTaskMethodBuilder`1.SetResult(TResult result)
   at Polly.Utils.Pipeline.BridgeComponent`1.&lt;ExecuteCore&gt;g__ConvertValueTaskAsync|4_0[TResult,TState](ValueTask`1 valueTask, ResilienceContext resilienceContext)
   at System.Runtime.CompilerServices.AsyncTaskMethodBuilder`1.AsyncStateMachineBox`1.ExecutionContextCallback(Object s)
   at System.Threading.ExecutionContext.RunInternal(ExecutionContext executionContext, ContextCallback callback, Object state)
   at System.Runtime.CompilerServices.AsyncTaskMethodBuilder`1.AsyncStateMachineBox`1.MoveNext(Thread threadPoolThread)
   at System.Runtime.CompilerServices.AsyncTaskMethodBuilder`1.AsyncStateMachineBox`1.MoveNext()
   at System.Threading.Tasks.AwaitTaskContinuation.RunOrScheduleAction(IAsyncStateMachineBox box, Boolean allowInlining)
   at System.Threading.Tasks.Task.RunContinuations(Object continuationObject)
   at System.Runtime.CompilerServices.AsyncValueTaskMethodBuilder`1.SetResult(TResult result)
   at Polly.Retry.RetryResilienceStrategy`1.ExecuteCore[TState](Func`3 callback, ResilienceContext context, TState state)
   at System.Runtime.CompilerServices.AsyncTaskMethodBuilder`1.AsyncStateMachineBox`1.ExecutionContextCallback(Object s)
   at System.Threading.ExecutionContext.RunFromThreadPoolDispatchLoop(Thread threadPoolThread, ExecutionContext executionContext, ContextCallback callback, Object state)
   at System.Runtime.CompilerServices.AsyncTaskMethodBuilder`1.AsyncStateMachineBox`1.MoveNext(Thread threadPoolThread)
   at System.Runtime.CompilerServices.AsyncTaskMethodBuilder`1.AsyncStateMachineBox`1.ExecuteFromThreadPool(Thread threadPoolThread)
   at System.Threading.ThreadPoolWorkQueue.Dispatch()
   at System.Threading.PortableThreadPool.WorkerThread.WorkerThreadStart()
--- End of stack trace from previous location ---
   at Polly.Outcome`1.GetResultOrRethrow()
   at Polly.ResiliencePipeline.ExecuteAsync[TResult](Func`2 callback, CancellationToken cancellationToken)
   at Aspire.Hosting.Dcp.KubernetesService.ExecuteWithRetry[TResult](DcpApiOperationType operationType, String resourceType, Func`2 operation, Func`2 isRetryable, CancellationToken cancellationToken) in /_/src/Aspire.Hosting/Dcp/KubernetesService.cs:line 475
   at Aspire.Hosting.Dcp.DcpExecutor.CreateResourcesAsync[RT](CancellationToken cancellationToken) in /_/src/Aspire.Hosting/Dcp/DcpExecutor.cs:line 1713
   at Aspire.Hosting.Dcp.DcpExecutor.CreateServicesAsync(CancellationToken cancellationToken) in /_/src/Aspire.Hosting/Dcp/DcpExecutor.cs:line 726
   at Aspire.Hosting.Dcp.DcpExecutor.RunApplicationAsync(CancellationToken cancellationToken) in /_/src/Aspire.Hosting/Dcp/DcpExecutor.cs:line 152
   at Aspire.Hosting.Orchestrator.ApplicationOrchestrator.RunApplicationAsync(CancellationToken cancellationToken) in /_/src/Aspire.Hosting/Orchestrator/ApplicationOrchestrator.cs:line 359
   at Aspire.Hosting.Orchestrator.OrchestratorHostService.StartAsync(CancellationToken cancellationToken) in /_/src/Aspire.Hosting/Orchestrator/OrchestratorHostService.cs:line 41
   at Microsoft.Extensions.Hosting.Internal.Host.&lt;StartAsync&gt;b__14_1(IHostedService service, CancellationToken token)
   at Microsoft.Extensions.Hosting.Internal.Host.ForeachService[T](IEnumerable`1 services, CancellationToken token, Boolean concurrent, Boolean abortOnFirstException, List`1 exceptions, Func`3 operation)
   at Microsoft.Extensions.Hosting.Internal.Host.StartAsync(CancellationToken cancellationToken)
   at Aspire.Hosting.Testing.DistributedApplicationFactory.ObservedHost.StartAsync(CancellationToken cancellationToken) in /_/src/Aspire.Hosting.Testing/DistributedApplicationFactory.cs:line 616
   at Aspire.Hosting.Testing.DistributedApplicationFactory.StartAsync(CancellationToken cancellationToken) in /_/src/Aspire.Hosting.Testing/DistributedApplicationFactory.cs:line 74
   at Aspire.Hosting.Testing.DistributedApplicationTestingBuilder.SuspendingDistributedApplicationFactory.DelegatedHost.StartAsync(CancellationToken cancellationToken) in /_/src/Aspire.Hosting.Testing/DistributedApplicationTestingBuilder.cs:line 304
   at Aspire.Hosting.Testing.DistributedApplicationTestingBuilder.SuspendingDistributedApplicationFactory.DelegatedDistributedApplication.StartAsync(CancellationToken cancellationToken) in /_/src/Aspire.Hosting.Testing/DistributedApplicationTestingBuilder.cs:line 279
   at Zeitung.AppHost.Tests.HealthCheckTests.OneTimeSetUpAsync() in /home/runner/work/zeitung/zeitung/src/backend/Zeitung.AppHost.Tests/HealthCheckTests.cs:line 44
   at NUnit.Framework.Internal.TaskAwaitAdapter.GenericAdapter`1.BlockUntilCompleted()
   at NUnit.Framework.Internal.MessagePumpStrategy.NoMessagePumpStrategy.WaitForCompletion(AwaitAdapter awaiter)
   at NUnit.Framework.Internal.AsyncToSyncAdapter.Await[TResult](TestExecutionContext context, Func`1 invoke)
   at NUnit.Framework.Internal.AsyncToSyncAdapter.Await(TestExecutionContext context, Func`1 invoke)
   at NUnit.Framework.Internal.Commands.SetUpTearDownItem.RunSetUpOrTearDownMethod(TestExecutionContext context, IMethodInfo method)
   at NUnit.Framework.Internal.Commands.SetUpTearDownItem.RunSetUp(TestExecutionContext context)
--TaskCanceledException
   at Polly.Retry.RetryResilienceStrategy`1.ExecuteCore[TState](Func`3 callback, ResilienceContext context, TState state)</Text>
      </RunInfo>
    </RunInfos>
    <CollectorDataEntries>
      <Collector agentName="runnervmw9dnm" uri="datacollector://microsoft/CoverletCodeCoverage/1.0" collectorDisplayName="XPlat code coverage">
        <UriAttachments>
          <UriAttachment>
            <A href="runnervmw9dnm/coverage.cobertura.xml"></A>
          </UriAttachment>
        </UriAttachments>
      </Collector>
    </CollectorDataEntries>
  </ResultSummary>
</TestRun>